2011-10-06 00:45:20 Warning: Warning (2): Invalid argument supplied for foreach() in [C:\xampp\htdocs\romane\app\views\items\catalogo.ctp, line 2]
2011-10-06 00:46:31 Warning: Warning (2): Invalid argument supplied for foreach() in [C:\xampp\htdocs\romane\app\views\items\catalogo.ctp, line 2]
2011-10-06 01:23:13 Warning: Warning (2): Missing argument 1 for ItemsController::precio() in [C:\xampp\htdocs\romane\app\controllers\items_controller.php, line 45]
2011-10-06 01:23:13 Warning: Warning (2): Missing argument 1 for ItemsController::precio() in [C:\xampp\htdocs\romane\app\controllers\items_controller.php, line 45]
2011-10-07 00:52:17 Warning: Warning (512): <span style="color:Red;text-align:left"><b>SQL Error:</b> 1054: Unknown column 'Categorias.nombre' in 'order clause'</span> in [C:\xampp\htdocs\romane\cake\libs\model\datasources\dbo_source.php, line 684]
2011-10-07 00:52:17 Warning: Warning (2): Invalid argument supplied for foreach() in [C:\xampp\htdocs\romane\app\views\subcategorias\menu.ctp, line 4]
2011-10-09 00:48:23 Warning: Warning (512): Method HtmlHelper::element does not exist in [C:\xampp\htdocs\romane\cake\libs\view\helper.php, line 154]
2011-10-09 01:16:55 Warning: Warning (2): htmlentities() [<a href='http://php.net/function.htmlentities'>function.htmlentities</a>]: charset `1' not supported, assuming iso-8859-1 in [C:\xampp\htdocs\romane\cake\libs\view\helpers\html.php, line 298]
2011-10-24 23:04:28 Warning: Warning (2): Invalid argument supplied for foreach() in [C:\xampp\htdocs\romane\app\views\caracteristicas\index.ctp, line 17]
2011-10-27 23:26:25 Warning: Warning (512): <span style="color:Red;text-align:left"><b>SQL Error:</b> 1052: Column 'id' in where clause is ambiguous</span> in [C:\xampp\htdocs\romane\cake\libs\model\datasources\dbo_source.php, line 684]
2011-10-27 23:28:51 Warning: Warning (512): <span style="color:Red;text-align:left"><b>SQL Error:</b> 1052: Column 'id' in where clause is ambiguous</span> in [C:\xampp\htdocs\romane\cake\libs\model\datasources\dbo_source.php, line 684]
2011-10-27 23:29:50 Warning: Warning (512): <span style="color:Red;text-align:left"><b>SQL Error:</b> 1052: Column 'id' in where clause is ambiguous</span> in [C:\xampp\htdocs\romane\cake\libs\model\datasources\dbo_source.php, line 684]
2011-10-27 23:29:57 Warning: Warning (512): <span style="color:Red;text-align:left"><b>SQL Error:</b> 1052: Column 'id' in where clause is ambiguous</span> in [C:\xampp\htdocs\romane\cake\libs\model\datasources\dbo_source.php, line 684]
2011-10-27 23:31:07 Warning: Warning (512): <span style="color:Red;text-align:left"><b>SQL Error:</b> 1052: Column 'id' in where clause is ambiguous</span> in [C:\xampp\htdocs\romane\cake\libs\model\datasources\dbo_source.php, line 684]
2011-10-27 23:32:09 Warning: Warning (512): <span style="color:Red;text-align:left"><b>SQL Error:</b> 1052: Column 'id' in where clause is ambiguous</span> in [C:\xampp\htdocs\romane\cake\libs\model\datasources\dbo_source.php, line 684]
2011-10-27 23:32:48 Warning: Warning (512): <span style="color:Red;text-align:left"><b>SQL Error:</b> 1052: Column 'id' in where clause is ambiguous</span> in [C:\xampp\htdocs\romane\cake\libs\model\datasources\dbo_source.php, line 684]
2011-10-27 23:32:48 Warning: Warning (512): <span style="color:Red;text-align:left"><b>SQL Error:</b> 1052: Column 'id' in where clause is ambiguous</span> in [C:\xampp\htdocs\romane\cake\libs\model\datasources\dbo_source.php, line 684]
2011-10-27 23:32:49 Warning: Warning (512): <span style="color:Red;text-align:left"><b>SQL Error:</b> 1052: Column 'id' in where clause is ambiguous</span> in [C:\xampp\htdocs\romane\cake\libs\model\datasources\dbo_source.php, line 684]
2011-10-27 23:32:49 Warning: Warning (512): <span style="color:Red;text-align:left"><b>SQL Error:</b> 1052: Column 'id' in where clause is ambiguous</span> in [C:\xampp\htdocs\romane\cake\libs\model\datasources\dbo_source.php, line 684]
2011-10-27 23:32:50 Warning: Warning (512): <span style="color:Red;text-align:left"><b>SQL Error:</b> 1052: Column 'id' in where clause is ambiguous</span> in [C:\xampp\htdocs\romane\cake\libs\model\datasources\dbo_source.php, line 684]
2011-10-27 23:32:51 Warning: Warning (512): <span style="color:Red;text-align:left"><b>SQL Error:</b> 1052: Column 'id' in where clause is ambiguous</span> in [C:\xampp\htdocs\romane\cake\libs\model\datasources\dbo_source.php, line 684]
2011-10-27 23:32:53 Warning: Warning (512): <span style="color:Red;text-align:left"><b>SQL Error:</b> 1052: Column 'id' in where clause is ambiguous</span> in [C:\xampp\htdocs\romane\cake\libs\model\datasources\dbo_source.php, line 684]
2011-10-27 23:33:41 Warning: Warning (512): <span style="color:Red;text-align:left"><b>SQL Error:</b> 1052: Column 'id' in where clause is ambiguous</span> in [C:\xampp\htdocs\romane\cake\libs\model\datasources\dbo_source.php, line 684]
2011-10-27 23:34:21 Warning: Warning (512): <span style="color:Red;text-align:left"><b>SQL Error:</b> 1052: Column 'id' in where clause is ambiguous</span> in [C:\xampp\htdocs\romane\cake\libs\model\datasources\dbo_source.php, line 684]
2011-10-27 23:35:19 Warning: Warning (512): <span style="color:Red;text-align:left"><b>SQL Error:</b> 1052: Column 'id' in where clause is ambiguous</span> in [C:\xampp\htdocs\romane\cake\libs\model\datasources\dbo_source.php, line 684]
2011-10-27 23:35:34 Warning: Warning (512): <span style="color:Red;text-align:left"><b>SQL Error:</b> 1052: Column 'id' in where clause is ambiguous</span> in [C:\xampp\htdocs\romane\cake\libs\model\datasources\dbo_source.php, line 684]
2011-10-27 23:35:35 Warning: Warning (512): <span style="color:Red;text-align:left"><b>SQL Error:</b> 1052: Column 'id' in where clause is ambiguous</span> in [C:\xampp\htdocs\romane\cake\libs\model\datasources\dbo_source.php, line 684]
2011-10-27 23:37:31 Warning: Warning (512): <span style="color:Red;text-align:left"><b>SQL Error:</b> 1052: Column 'id' in where clause is ambiguous</span> in [C:\xampp\htdocs\romane\cake\libs\model\datasources\dbo_source.php, line 684]
2011-10-27 23:38:00 Warning: Warning (512): <span style="color:Red;text-align:left"><b>SQL Error:</b> 1052: Column 'id' in where clause is ambiguous</span> in [C:\xampp\htdocs\romane\cake\libs\model\datasources\dbo_source.php, line 684]
2011-10-27 23:38:24 Warning: Warning (512): <span style="color:Red;text-align:left"><b>SQL Error:</b> 1052: Column 'id' in where clause is ambiguous</span> in [C:\xampp\htdocs\romane\cake\libs\model\datasources\dbo_source.php, line 684]
2011-10-27 23:44:57 Warning: Warning (512): <span style="color:Red;text-align:left"><b>SQL Error:</b> 1052: Column 'id' in where clause is ambiguous</span> in [C:\xampp\htdocs\romane\cake\libs\model\datasources\dbo_source.php, line 684]
2011-10-28 00:14:22 Warning: Warning (2): htmlentities() [<a href='http://php.net/function.htmlentities'>function.htmlentities</a>]: charset `E' not supported, assuming iso-8859-1 in [C:\xampp\htdocs\romane\cake\libs\view\helpers\html.php, line 298]
2011-10-28 00:28:46 Warning: Warning (512): <span style="color:Red;text-align:left"><b>SQL Error:</b> 1064: You have an error in your SQL syntax; check the manual that corresponds to your MySQL server version for the right syntax to use near 'del' at line 1</span> in [C:\xampp\htdocs\romane\cake\libs\model\datasources\dbo_source.php, line 684]
2011-10-28 00:28:46 Warning: Warning (2): Cannot modify header information - headers already sent by (output started at C:\xampp\htdocs\romane\cake\libs\debugger.php:683) in [C:\xampp\htdocs\romane\cake\libs\controller\controller.php, line 742]
2011-10-28 00:29:29 Warning: Warning (512): <span style="color:Red;text-align:left"><b>SQL Error:</b> 1064: You have an error in your SQL syntax; check the manual that corresponds to your MySQL server version for the right syntax to use near 'del' at line 1</span> in [C:\xampp\htdocs\romane\cake\libs\model\datasources\dbo_source.php, line 684]
2011-10-28 00:29:41 Warning: Warning (512): <span style="color:Red;text-align:left"><b>SQL Error:</b> 1064: You have an error in your SQL syntax; check the manual that corresponds to your MySQL server version for the right syntax to use near 'del' at line 1</span> in [C:\xampp\htdocs\romane\cake\libs\model\datasources\dbo_source.php, line 684]
2011-10-28 00:30:54 Warning: Warning (512): <span style="color:Red;text-align:left"><b>SQL Error:</b> 1064: You have an error in your SQL syntax; check the manual that corresponds to your MySQL server version for the right syntax to use near 'del' at line 1</span> in [C:\xampp\htdocs\romane\cake\libs\model\datasources\dbo_source.php, line 684]
2011-10-28 00:30:54 Warning: Warning (512): <span style="color:Red;text-align:left"><b>SQL Error:</b> 1064: You have an error in your SQL syntax; check the manual that corresponds to your MySQL server version for the right syntax to use near 'del' at line 1</span> in [C:\xampp\htdocs\romane\cake\libs\model\datasources\dbo_source.php, line 684]
2011-10-28 00:32:02 Warning: Warning (512): <span style="color:Red;text-align:left"><b>SQL Error:</b> 1064: You have an error in your SQL syntax; check the manual that corresponds to your MySQL server version for the right syntax to use near 'del' at line 1</span> in [C:\xampp\htdocs\romane\cake\libs\model\datasources\dbo_source.php, line 684]
2011-10-28 00:32:04 Warning: Warning (512): <span style="color:Red;text-align:left"><b>SQL Error:</b> 1064: You have an error in your SQL syntax; check the manual that corresponds to your MySQL server version for the right syntax to use near 'del' at line 1</span> in [C:\xampp\htdocs\romane\cake\libs\model\datasources\dbo_source.php, line 684]
2011-10-28 00:32:05 Warning: Warning (512): <span style="color:Red;text-align:left"><b>SQL Error:</b> 1064: You have an error in your SQL syntax; check the manual that corresponds to your MySQL server version for the right syntax to use near 'del' at line 1</span> in [C:\xampp\htdocs\romane\cake\libs\model\datasources\dbo_source.php, line 684]
2011-10-28 00:32:22 Warning: Warning (512): <span style="color:Red;text-align:left"><b>SQL Error:</b> 1064: You have an error in your SQL syntax; check the manual that corresponds to your MySQL server version for the right syntax to use near 'del' at line 1</span> in [C:\xampp\htdocs\romane\cake\libs\model\datasources\dbo_source.php, line 684]
2011-10-28 00:33:16 Warning: Warning (512): <span style="color:Red;text-align:left"><b>SQL Error:</b> 1064: You have an error in your SQL syntax; check the manual that corresponds to your MySQL server version for the right syntax to use near 'del' at line 1</span> in [C:\xampp\htdocs\romane\cake\libs\model\datasources\dbo_source.php, line 684]
2011-10-28 00:34:23 Warning: Warning (512): <span style="color:Red;text-align:left"><b>SQL Error:</b> 1064: You have an error in your SQL syntax; check the manual that corresponds to your MySQL server version for the right syntax to use near 'del' at line 1</span> in [C:\xampp\htdocs\romane\cake\libs\model\datasources\dbo_source.php, line 684]
2011-10-28 00:34:32 Warning: Warning (512): <span style="color:Red;text-align:left"><b>SQL Error:</b> 1064: You have an error in your SQL syntax; check the manual that corresponds to your MySQL server version for the right syntax to use near 'del' at line 1</span> in [C:\xampp\htdocs\romane\cake\libs\model\datasources\dbo_source.php, line 684]
2011-10-28 00:34:43 Warning: Warning (512): <span style="color:Red;text-align:left"><b>SQL Error:</b> 1064: You have an error in your SQL syntax; check the manual that corresponds to your MySQL server version for the right syntax to use near 'del' at line 1</span> in [C:\xampp\htdocs\romane\cake\libs\model\datasources\dbo_source.php, line 684]
2011-10-29 17:32:42 Warning: Warning (512): <span style="color:Red;text-align:left"><b>SQL Error:</b> 1052: Column 'id' in where clause is ambiguous</span> in [C:\xampp\htdocs\romane\cake\libs\model\datasources\dbo_source.php, line 684]
2011-10-29 17:32:42 Warning: Warning (512): <span style="color:Red;text-align:left"><b>SQL Error:</b> 1052: Column 'id' in where clause is ambiguous</span> in [C:\xampp\htdocs\romane\cake\libs\model\datasources\dbo_source.php, line 684]
2011-10-29 17:34:02 Warning: Warning (512): <span style="color:Red;text-align:left"><b>SQL Error:</b> 1052: Column 'id' in where clause is ambiguous</span> in [C:\xampp\htdocs\romane\cake\libs\model\datasources\dbo_source.php, line 684]
2011-10-29 17:34:03 Warning: Warning (512): <span style="color:Red;text-align:left"><b>SQL Error:</b> 1052: Column 'id' in where clause is ambiguous</span> in [C:\xampp\htdocs\romane\cake\libs\model\datasources\dbo_source.php, line 684]
2011-10-29 17:34:10 Warning: Warning (512): <span style="color:Red;text-align:left"><b>SQL Error:</b> 1052: Column 'id' in where clause is ambiguous</span> in [C:\xampp\htdocs\romane\cake\libs\model\datasources\dbo_source.php, line 684]
2011-10-29 17:34:10 Warning: Warning (512): <span style="color:Red;text-align:left"><b>SQL Error:</b> 1052: Column 'id' in where clause is ambiguous</span> in [C:\xampp\htdocs\romane\cake\libs\model\datasources\dbo_source.php, line 684]
2011-10-29 17:34:38 Warning: Warning (512): <span style="color:Red;text-align:left"><b>SQL Error:</b> 1052: Column 'id' in where clause is ambiguous</span> in [C:\xampp\htdocs\romane\cake\libs\model\datasources\dbo_source.php, line 684]
2011-10-29 17:34:38 Warning: Warning (512): <span style="color:Red;text-align:left"><b>SQL Error:</b> 1052: Column 'id' in where clause is ambiguous</span> in [C:\xampp\htdocs\romane\cake\libs\model\datasources\dbo_source.php, line 684]
2011-11-09 23:08:56 Warning: Warning (512): <span style="color:Red;text-align:left"><b>SQL Error:</b> 1064: You have an error in your SQL syntax; check the manual that corresponds to your MySQL server version for the right syntax to use near 'list' at line 1</span> in [C:\xampp\htdocs\romane\cake\libs\model\datasources\dbo_source.php, line 684]
2011-11-18 21:46:50 Warning: Warning (2): Invalid argument supplied for foreach() in [C:\xampp\htdocs\romane\cake\libs\view\helpers\html.php, line 688]
2011-11-18 23:13:20 Warning: Warning (512): <span style="color:Red;text-align:left"><b>SQL Error:</b> 1054: Unknown column 'Paise.id' in 'order clause'</span> in [C:\xampp\htdocs\romane\cake\libs\model\datasources\dbo_source.php, line 684]
2011-11-18 23:15:51 Warning: Warning (512): <span style="color:Red;text-align:left"><b>SQL Error:</b> 1054: Unknown column 'conditions' in 'where clause'</span> in [C:\xampp\htdocs\romane\cake\libs\model\datasources\dbo_source.php, line 684]
2011-11-18 23:15:52 Warning: Warning (512): <span style="color:Red;text-align:left"><b>SQL Error:</b> 1054: Unknown column 'conditions' in 'where clause'</span> in [C:\xampp\htdocs\romane\cake\libs\model\datasources\dbo_source.php, line 684]
2011-11-26 20:29:12 Warning: Warning (512): <span style="color:Red;text-align:left"><b>SQL Error:</b> 1054: Unknown column 'Array' in 'field list'</span> in [C:\xampp\htdocs\romane\cake\libs\model\datasources\dbo_source.php, line 684]
2011-11-26 20:29:26 Warning: Warning (512): <span style="color:Red;text-align:left"><b>SQL Error:</b> 1054: Unknown column 'Array' in 'field list'</span> in [C:\xampp\htdocs\romane\cake\libs\model\datasources\dbo_source.php, line 684]
2011-11-26 20:41:19 Warning: Warning (512): <span style="color:Red;text-align:left"><b>SQL Error:</b> 1054: Unknown column 'Array' in 'field list'</span> in [C:\xampp\htdocs\romane\cake\libs\model\datasources\dbo_source.php, line 684]
2011-11-26 20:43:48 Warning: Warning (512): <span style="color:Red;text-align:left"><b>SQL Error:</b> 1054: Unknown column 'Array' in 'field list'</span> in [C:\xampp\htdocs\romane\cake\libs\model\datasources\dbo_source.php, line 684]
2011-11-26 20:43:51 Warning: Warning (512): <span style="color:Red;text-align:left"><b>SQL Error:</b> 1054: Unknown column 'Array' in 'field list'</span> in [C:\xampp\htdocs\romane\cake\libs\model\datasources\dbo_source.php, line 684]
2011-11-27 20:52:59 Warning: Warning (2): htmlentities() [<a href='http://php.net/function.htmlentities'>function.htmlentities</a>]: charset `8' not supported, assuming iso-8859-1 in [C:\xampp\htdocs\romane\cake\libs\view\helpers\html.php, line 298]
2011-11-27 20:53:00 Warning: Warning (2): htmlentities() [<a href='http://php.net/function.htmlentities'>function.htmlentities</a>]: charset `8' not supported, assuming iso-8859-1 in [C:\xampp\htdocs\romane\cake\libs\view\helpers\html.php, line 298]
2011-11-27 20:53:01 Warning: Warning (2): htmlentities() [<a href='http://php.net/function.htmlentities'>function.htmlentities</a>]: charset `8' not supported, assuming iso-8859-1 in [C:\xampp\htdocs\romane\cake\libs\view\helpers\html.php, line 298]
2011-11-27 20:53:02 Warning: Warning (2): htmlentities() [<a href='http://php.net/function.htmlentities'>function.htmlentities</a>]: charset `8' not supported, assuming iso-8859-1 in [C:\xampp\htdocs\romane\cake\libs\view\helpers\html.php, line 298]
2011-11-27 20:53:02 Warning: Warning (2): htmlentities() [<a href='http://php.net/function.htmlentities'>function.htmlentities</a>]: charset `8' not supported, assuming iso-8859-1 in [C:\xampp\htdocs\romane\cake\libs\view\helpers\html.php, line 298]
2011-11-27 20:53:02 Warning: Warning (2): htmlentities() [<a href='http://php.net/function.htmlentities'>function.htmlentities</a>]: charset `8' not supported, assuming iso-8859-1 in [C:\xampp\htdocs\romane\cake\libs\view\helpers\html.php, line 298]
2011-11-27 20:53:03 Warning: Warning (2): htmlentities() [<a href='http://php.net/function.htmlentities'>function.htmlentities</a>]: charset `8' not supported, assuming iso-8859-1 in [C:\xampp\htdocs\romane\cake\libs\view\helpers\html.php, line 298]
2011-11-27 20:53:03 Warning: Warning (2): htmlentities() [<a href='http://php.net/function.htmlentities'>function.htmlentities</a>]: charset `8' not supported, assuming iso-8859-1 in [C:\xampp\htdocs\romane\cake\libs\view\helpers\html.php, line 298]
2011-11-27 20:53:03 Warning: Warning (2): htmlentities() [<a href='http://php.net/function.htmlentities'>function.htmlentities</a>]: charset `8' not supported, assuming iso-8859-1 in [C:\xampp\htdocs\romane\cake\libs\view\helpers\html.php, line 298]
2011-11-27 20:53:03 Warning: Warning (2): htmlentities() [<a href='http://php.net/function.htmlentities'>function.htmlentities</a>]: charset `8' not supported, assuming iso-8859-1 in [C:\xampp\htdocs\romane\cake\libs\view\helpers\html.php, line 298]
2011-11-27 20:53:03 Warning: Warning (2): htmlentities() [<a href='http://php.net/function.htmlentities'>function.htmlentities</a>]: charset `8' not supported, assuming iso-8859-1 in [C:\xampp\htdocs\romane\cake\libs\view\helpers\html.php, line 298]
2011-11-27 20:53:54 Warning: Warning (2): htmlentities() [<a href='http://php.net/function.htmlentities'>function.htmlentities</a>]: charset `8' not supported, assuming iso-8859-1 in [C:\xampp\htdocs\romane\cake\libs\view\helpers\html.php, line 298]
2011-11-27 20:53:55 Warning: Warning (2): htmlentities() [<a href='http://php.net/function.htmlentities'>function.htmlentities</a>]: charset `8' not supported, assuming iso-8859-1 in [C:\xampp\htdocs\romane\cake\libs\view\helpers\html.php, line 298]
2011-11-27 20:53:56 Warning: Warning (2): htmlentities() [<a href='http://php.net/function.htmlentities'>function.htmlentities</a>]: charset `8' not supported, assuming iso-8859-1 in [C:\xampp\htdocs\romane\cake\libs\view\helpers\html.php, line 298]
2011-11-27 20:53:56 Warning: Warning (2): htmlentities() [<a href='http://php.net/function.htmlentities'>function.htmlentities</a>]: charset `8' not supported, assuming iso-8859-1 in [C:\xampp\htdocs\romane\cake\libs\view\helpers\html.php, line 298]
2011-11-27 20:55:07 Warning: Warning (2): htmlentities() [<a href='http://php.net/function.htmlentities'>function.htmlentities</a>]: charset `8' not supported, assuming iso-8859-1 in [C:\xampp\htdocs\romane\cake\libs\view\helpers\html.php, line 298]
2011-11-27 20:55:08 Warning: Warning (2): htmlentities() [<a href='http://php.net/function.htmlentities'>function.htmlentities</a>]: charset `8' not supported, assuming iso-8859-1 in [C:\xampp\htdocs\romane\cake\libs\view\helpers\html.php, line 298]
2011-11-27 20:55:09 Warning: Warning (2): htmlentities() [<a href='http://php.net/function.htmlentities'>function.htmlentities</a>]: charset `8' not supported, assuming iso-8859-1 in [C:\xampp\htdocs\romane\cake\libs\view\helpers\html.php, line 298]
2011-11-27 20:55:09 Warning: Warning (2): htmlentities() [<a href='http://php.net/function.htmlentities'>function.htmlentities</a>]: charset `8' not supported, assuming iso-8859-1 in [C:\xampp\htdocs\romane\cake\libs\view\helpers\html.php, line 298]
2011-11-27 20:55:09 Warning: Warning (2): htmlentities() [<a href='http://php.net/function.htmlentities'>function.htmlentities</a>]: charset `8' not supported, assuming iso-8859-1 in [C:\xampp\htdocs\romane\cake\libs\view\helpers\html.php, line 298]
2011-11-27 20:55:10 Warning: Warning (2): htmlentities() [<a href='http://php.net/function.htmlentities'>function.htmlentities</a>]: charset `8' not supported, assuming iso-8859-1 in [C:\xampp\htdocs\romane\cake\libs\view\helpers\html.php, line 298]
2011-11-27 20:55:10 Warning: Warning (2): htmlentities() [<a href='http://php.net/function.htmlentities'>function.htmlentities</a>]: charset `8' not supported, assuming iso-8859-1 in [C:\xampp\htdocs\romane\cake\libs\view\helpers\html.php, line 298]
2011-11-27 20:55:10 Warning: Warning (2): htmlentities() [<a href='http://php.net/function.htmlentities'>function.htmlentities</a>]: charset `8' not supported, assuming iso-8859-1 in [C:\xampp\htdocs\romane\cake\libs\view\helpers\html.php, line 298]
2011-11-27 20:55:11 Warning: Warning (2): htmlentities() [<a href='http://php.net/function.htmlentities'>function.htmlentities</a>]: charset `8' not supported, assuming iso-8859-1 in [C:\xampp\htdocs\romane\cake\libs\view\helpers\html.php, line 298]
2011-11-27 20:55:11 Warning: Warning (2): htmlentities() [<a href='http://php.net/function.htmlentities'>function.htmlentities</a>]: charset `8' not supported, assuming iso-8859-1 in [C:\xampp\htdocs\romane\cake\libs\view\helpers\html.php, line 298]
2011-11-27 20:55:12 Warning: Warning (2): htmlentities() [<a href='http://php.net/function.htmlentities'>function.htmlentities</a>]: charset `8' not supported, assuming iso-8859-1 in [C:\xampp\htdocs\romane\cake\libs\view\helpers\html.php, line 298]
2011-11-27 20:55:12 Warning: Warning (2): htmlentities() [<a href='http://php.net/function.htmlentities'>function.htmlentities</a>]: charset `8' not supported, assuming iso-8859-1 in [C:\xampp\htdocs\romane\cake\libs\view\helpers\html.php, line 298]
2011-11-27 20:55:12 Warning: Warning (2): htmlentities() [<a href='http://php.net/function.htmlentities'>function.htmlentities</a>]: charset `8' not supported, assuming iso-8859-1 in [C:\xampp\htdocs\romane\cake\libs\view\helpers\html.php, line 298]
2011-11-27 20:55:13 Warning: Warning (2): htmlentities() [<a href='http://php.net/function.htmlentities'>function.htmlentities</a>]: charset `8' not supported, assuming iso-8859-1 in [C:\xampp\htdocs\romane\cake\libs\view\helpers\html.php, line 298]
2011-11-27 20:55:13 Warning: Warning (2): htmlentities() [<a href='http://php.net/function.htmlentities'>function.htmlentities</a>]: charset `8' not supported, assuming iso-8859-1 in [C:\xampp\htdocs\romane\cake\libs\view\helpers\html.php, line 298]
2011-11-27 20:55:13 Warning: Warning (2): htmlentities() [<a href='http://php.net/function.htmlentities'>function.htmlentities</a>]: charset `8' not supported, assuming iso-8859-1 in [C:\xampp\htdocs\romane\cake\libs\view\helpers\html.php, line 298]
2011-11-27 20:55:13 Warning: Warning (2): htmlentities() [<a href='http://php.net/function.htmlentities'>function.htmlentities</a>]: charset `8' not supported, assuming iso-8859-1 in [C:\xampp\htdocs\romane\cake\libs\view\helpers\html.php, line 298]
2011-11-27 20:55:13 Warning: Warning (2): htmlentities() [<a href='http://php.net/function.htmlentities'>function.htmlentities</a>]: charset `8' not supported, assuming iso-8859-1 in [C:\xampp\htdocs\romane\cake\libs\view\helpers\html.php, line 298]
2011-11-28 20:56:40 Warning: Warning (2): unlink(C:\xampp\htdocs\romane\app\tmp\cache\models\cake_model_default_compras) [<a href='http://php.net/function.unlink'>function.unlink</a>]: Permission denied in [C:\xampp\htdocs\romane\cake\libs\file.php, line 294]
2011-11-28 22:48:37 Warning: Warning (2): Invalid argument supplied for foreach() in [C:\xampp\htdocs\romane\app\views\elements\menuUsuario.ctp, line 4]
2011-11-28 22:49:08 Warning: Warning (2): Invalid argument supplied for foreach() in [C:\xampp\htdocs\romane\app\views\elements\menuUsuario.ctp, line 4]
2011-11-28 22:49:47 Warning: Warning (2): Invalid argument supplied for foreach() in [C:\xampp\htdocs\romane\app\views\elements\menuUsuario.ctp, line 4]
2011-11-28 23:14:56 Warning: Warning (2): Invalid argument supplied for foreach() in [C:\xampp\htdocs\romane\app\views\elements\menuUsuario.ctp, line 5]
2011-12-11 19:29:32 Warning: Warning (512): <span style="color:Red;text-align:left"><b>SQL Error:</b> 1064: You have an error in your SQL syntax; check the manual that corresponds to your MySQL server version for the right syntax to use near 'Array LEFT JOIN `subcategorias` AS `Subcategoria` ON (`Item`.`subcategoria_id` =' at line 1</span> in [C:\xampp\htdocs\boutique\cake\libs\model\datasources\dbo_source.php, line 684]
2011-12-11 19:29:32 Warning: Warning (512): <span style="color:Red;text-align:left"><b>SQL Error:</b> 1064: You have an error in your SQL syntax; check the manual that corresponds to your MySQL server version for the right syntax to use near 'Array LEFT JOIN `subcategorias` AS `Subcategoria` ON (`Item`.`subcategoria_id` =' at line 1</span> in [C:\xampp\htdocs\boutique\cake\libs\model\datasources\dbo_source.php, line 684]
2011-12-11 19:29:41 Warning: Warning (512): <span style="color:Red;text-align:left"><b>SQL Error:</b> 1064: You have an error in your SQL syntax; check the manual that corresponds to your MySQL server version for the right syntax to use near 'Array LEFT JOIN `subcategorias` AS `Subcategoria` ON (`Item`.`subcategoria_id` =' at line 1</span> in [C:\xampp\htdocs\boutique\cake\libs\model\datasources\dbo_source.php, line 684]
2011-12-11 19:29:41 Warning: Warning (512): <span style="color:Red;text-align:left"><b>SQL Error:</b> 1064: You have an error in your SQL syntax; check the manual that corresponds to your MySQL server version for the right syntax to use near 'Array LEFT JOIN `subcategorias` AS `Subcategoria` ON (`Item`.`subcategoria_id` =' at line 1</span> in [C:\xampp\htdocs\boutique\cake\libs\model\datasources\dbo_source.php, line 684]
2011-12-13 06:47:54 Warning: Warning (512): <span style="color:Red;text-align:left"><b>SQL Error:</b> 1064: You have an error in your SQL syntax; check the manual that corresponds to your MySQL server version for the right syntax to use near 'order = ('asc')' at line 1</span> in [C:\xampp\htdocs\boutique\cake\libs\model\datasources\dbo_source.php, line 684]
2011-12-13 06:47:54 Warning: Warning (512): <span style="color:Red;text-align:left"><b>SQL Error:</b> 1064: You have an error in your SQL syntax; check the manual that corresponds to your MySQL server version for the right syntax to use near 'order = ('asc')    LIMIT 20' at line 1</span> in [C:\xampp\htdocs\boutique\cake\libs\model\datasources\dbo_source.php, line 684]
2011-12-13 06:47:55 Warning: Warning (512): <span style="color:Red;text-align:left"><b>SQL Error:</b> 1064: You have an error in your SQL syntax; check the manual that corresponds to your MySQL server version for the right syntax to use near 'order = ('asc')' at line 1</span> in [C:\xampp\htdocs\boutique\cake\libs\model\datasources\dbo_source.php, line 684]
2011-12-13 06:47:55 Warning: Warning (512): <span style="color:Red;text-align:left"><b>SQL Error:</b> 1064: You have an error in your SQL syntax; check the manual that corresponds to your MySQL server version for the right syntax to use near 'order = ('asc')    LIMIT 20' at line 1</span> in [C:\xampp\htdocs\boutique\cake\libs\model\datasources\dbo_source.php, line 684]
2011-12-13 06:49:06 Warning: Warning (512): <span style="color:Red;text-align:left"><b>SQL Error:</b> 1064: You have an error in your SQL syntax; check the manual that corresponds to your MySQL server version for the right syntax to use near 'order = ('asc')' at line 1</span> in [C:\xampp\htdocs\boutique\cake\libs\model\datasources\dbo_source.php, line 684]
2011-12-13 06:49:06 Warning: Warning (512): <span style="color:Red;text-align:left"><b>SQL Error:</b> 1064: You have an error in your SQL syntax; check the manual that corresponds to your MySQL server version for the right syntax to use near 'order = ('asc')    LIMIT 20' at line 1</span> in [C:\xampp\htdocs\boutique\cake\libs\model\datasources\dbo_source.php, line 684]
2011-12-13 06:49:07 Warning: Warning (512): <span style="color:Red;text-align:left"><b>SQL Error:</b> 1064: You have an error in your SQL syntax; check the manual that corresponds to your MySQL server version for the right syntax to use near 'order = ('asc')' at line 1</span> in [C:\xampp\htdocs\boutique\cake\libs\model\datasources\dbo_source.php, line 684]
2011-12-13 06:49:07 Warning: Warning (512): <span style="color:Red;text-align:left"><b>SQL Error:</b> 1064: You have an error in your SQL syntax; check the manual that corresponds to your MySQL server version for the right syntax to use near 'order = ('asc')    LIMIT 20' at line 1</span> in [C:\xampp\htdocs\boutique\cake\libs\model\datasources\dbo_source.php, line 684]
2011-12-13 06:49:07 Warning: Warning (512): <span style="color:Red;text-align:left"><b>SQL Error:</b> 1064: You have an error in your SQL syntax; check the manual that corresponds to your MySQL server version for the right syntax to use near 'order = ('asc')' at line 1</span> in [C:\xampp\htdocs\boutique\cake\libs\model\datasources\dbo_source.php, line 684]
2011-12-13 06:49:07 Warning: Warning (512): <span style="color:Red;text-align:left"><b>SQL Error:</b> 1064: You have an error in your SQL syntax; check the manual that corresponds to your MySQL server version for the right syntax to use near 'order = ('asc')    LIMIT 20' at line 1</span> in [C:\xampp\htdocs\boutique\cake\libs\model\datasources\dbo_source.php, line 684]
2011-12-13 06:49:08 Warning: Warning (512): <span style="color:Red;text-align:left"><b>SQL Error:</b> 1064: You have an error in your SQL syntax; check the manual that corresponds to your MySQL server version for the right syntax to use near 'order = ('asc')' at line 1</span> in [C:\xampp\htdocs\boutique\cake\libs\model\datasources\dbo_source.php, line 684]
2011-12-13 06:49:08 Warning: Warning (512): <span style="color:Red;text-align:left"><b>SQL Error:</b> 1064: You have an error in your SQL syntax; check the manual that corresponds to your MySQL server version for the right syntax to use near 'order = ('asc')    LIMIT 20' at line 1</span> in [C:\xampp\htdocs\boutique\cake\libs\model\datasources\dbo_source.php, line 684]
2011-12-13 06:49:08 Warning: Warning (512): <span style="color:Red;text-align:left"><b>SQL Error:</b> 1064: You have an error in your SQL syntax; check the manual that corresponds to your MySQL server version for the right syntax to use near 'order = ('asc')' at line 1</span> in [C:\xampp\htdocs\boutique\cake\libs\model\datasources\dbo_source.php, line 684]
2011-12-13 06:49:08 Warning: Warning (512): <span style="color:Red;text-align:left"><b>SQL Error:</b> 1064: You have an error in your SQL syntax; check the manual that corresponds to your MySQL server version for the right syntax to use near 'order = ('asc')    LIMIT 20' at line 1</span> in [C:\xampp\htdocs\boutique\cake\libs\model\datasources\dbo_source.php, line 684]
2011-12-13 06:49:09 Warning: Warning (512): <span style="color:Red;text-align:left"><b>SQL Error:</b> 1064: You have an error in your SQL syntax; check the manual that corresponds to your MySQL server version for the right syntax to use near 'order = ('asc')' at line 1</span> in [C:\xampp\htdocs\boutique\cake\libs\model\datasources\dbo_source.php, line 684]
2011-12-13 06:49:09 Warning: Warning (512): <span style="color:Red;text-align:left"><b>SQL Error:</b> 1064: You have an error in your SQL syntax; check the manual that corresponds to your MySQL server version for the right syntax to use near 'order = ('asc')    LIMIT 20' at line 1</span> in [C:\xampp\htdocs\boutique\cake\libs\model\datasources\dbo_source.php, line 684]
2011-12-13 06:50:17 Warning: Warning (512): <span style="color:Red;text-align:left"><b>SQL Error:</b> 1064: You have an error in your SQL syntax; check the manual that corresponds to your MySQL server version for the right syntax to use near 'order = ('8')' at line 1</span> in [C:\xampp\htdocs\boutique\cake\libs\model\datasources\dbo_source.php, line 684]
2011-12-13 06:50:17 Warning: Warning (512): <span style="color:Red;text-align:left"><b>SQL Error:</b> 1064: You have an error in your SQL syntax; check the manual that corresponds to your MySQL server version for the right syntax to use near 'order = ('8')   ORDER BY `caracteristica`.`id` asc  LIMIT 20' at line 1</span> in [C:\xampp\htdocs\boutique\cake\libs\model\datasources\dbo_source.php, line 684]
2011-12-13 06:50:17 Warning: Warning (512): <span style="color:Red;text-align:left"><b>SQL Error:</b> 1064: You have an error in your SQL syntax; check the manual that corresponds to your MySQL server version for the right syntax to use near 'order = ('loading2.gif')' at line 1</span> in [C:\xampp\htdocs\boutique\cake\libs\model\datasources\dbo_source.php, line 684]
2011-12-13 06:50:17 Warning: Warning (512): <span style="color:Red;text-align:left"><b>SQL Error:</b> 1064: You have an error in your SQL syntax; check the manual that corresponds to your MySQL server version for the right syntax to use near 'order = ('loading2.gif')   ORDER BY `caracteristica`.`id` asc  LIMIT 20' at line 1</span> in [C:\xampp\htdocs\boutique\cake\libs\model\datasources\dbo_source.php, line 684]
2011-12-18 10:05:58 Warning: Warning (512): <span style="color:Red;text-align:left"><b>SQL Error:</b> 1054: Unknown column 'conditions' in 'where clause'</span> in [C:\xampp\htdocs\boutique\cake\libs\model\datasources\dbo_source.php, line 684]
2011-12-18 10:05:58 Warning: Warning (2): Invalid argument supplied for foreach() in [C:\xampp\htdocs\boutique\app\views\catalogos\detalle.ctp, line 81]
2011-12-18 10:05:58 Warning: Warning (512): <span style="color:Red;text-align:left"><b>SQL Error:</b> 1054: Unknown column 'conditions' in 'where clause'</span> in [C:\xampp\htdocs\boutique\cake\libs\model\datasources\dbo_source.php, line 684]
2011-12-18 10:05:58 Warning: Warning (2): Invalid argument supplied for foreach() in [C:\xampp\htdocs\boutique\app\views\catalogos\detalle.ctp, line 81]
2011-12-18 10:05:59 Warning: Warning (512): <span style="color:Red;text-align:left"><b>SQL Error:</b> 1054: Unknown column 'conditions' in 'where clause'</span> in [C:\xampp\htdocs\boutique\cake\libs\model\datasources\dbo_source.php, line 684]
2011-12-18 10:05:59 Warning: Warning (2): Invalid argument supplied for foreach() in [C:\xampp\htdocs\boutique\app\views\catalogos\detalle.ctp, line 81]
2011-12-18 16:43:55 Warning: Warning (2): Invalid argument supplied for foreach() in [C:\xampp\htdocs\boutique\app\views\deseos\buscar.ctp, line 18]
2011-12-18 16:43:57 Warning: Warning (2): Invalid argument supplied for foreach() in [C:\xampp\htdocs\boutique\app\views\deseos\buscar.ctp, line 18]
2011-12-18 16:43:57 Warning: Warning (2): Invalid argument supplied for foreach() in [C:\xampp\htdocs\boutique\app\views\deseos\buscar.ctp, line 18]
2011-12-18 16:43:58 Warning: Warning (2): Invalid argument supplied for foreach() in [C:\xampp\htdocs\boutique\app\views\deseos\buscar.ctp, line 18]
2011-12-18 16:43:58 Warning: Warning (2): Invalid argument supplied for foreach() in [C:\xampp\htdocs\boutique\app\views\deseos\buscar.ctp, line 18]
2011-12-18 16:43:59 Warning: Warning (2): Invalid argument supplied for foreach() in [C:\xampp\htdocs\boutique\app\views\deseos\buscar.ctp, line 18]
2011-12-18 16:43:59 Warning: Warning (2): Invalid argument supplied for foreach() in [C:\xampp\htdocs\boutique\app\views\deseos\buscar.ctp, line 18]
2011-12-18 16:44:00 Warning: Warning (2): Invalid argument supplied for foreach() in [C:\xampp\htdocs\boutique\app\views\deseos\buscar.ctp, line 18]
2011-12-18 16:44:00 Warning: Warning (2): Invalid argument supplied for foreach() in [C:\xampp\htdocs\boutique\app\views\deseos\buscar.ctp, line 18]
2011-12-18 16:44:00 Warning: Warning (2): Invalid argument supplied for foreach() in [C:\xampp\htdocs\boutique\app\views\deseos\buscar.ctp, line 18]
2011-12-18 16:44:47 Warning: Warning (2): Invalid argument supplied for foreach() in [C:\xampp\htdocs\boutique\app\views\deseos\buscar.ctp, line 18]
2011-12-18 16:44:48 Warning: Warning (2): Invalid argument supplied for foreach() in [C:\xampp\htdocs\boutique\app\views\deseos\buscar.ctp, line 18]
2011-12-18 16:44:49 Warning: Warning (2): Invalid argument supplied for foreach() in [C:\xampp\htdocs\boutique\app\views\deseos\buscar.ctp, line 18]
2011-12-18 16:44:49 Warning: Warning (2): Invalid argument supplied for foreach() in [C:\xampp\htdocs\boutique\app\views\deseos\buscar.ctp, line 18]
2011-12-18 16:44:49 Warning: Warning (2): Invalid argument supplied for foreach() in [C:\xampp\htdocs\boutique\app\views\deseos\buscar.ctp, line 18]
2011-12-18 16:44:50 Warning: Warning (2): Invalid argument supplied for foreach() in [C:\xampp\htdocs\boutique\app\views\deseos\buscar.ctp, line 18]
2011-12-18 16:44:50 Warning: Warning (2): Invalid argument supplied for foreach() in [C:\xampp\htdocs\boutique\app\views\deseos\buscar.ctp, line 18]
2011-12-18 16:44:50 Warning: Warning (2): Invalid argument supplied for foreach() in [C:\xampp\htdocs\boutique\app\views\deseos\buscar.ctp, line 18]
2011-12-18 16:44:50 Warning: Warning (2): Invalid argument supplied for foreach() in [C:\xampp\htdocs\boutique\app\views\deseos\buscar.ctp, line 18]
2011-12-18 16:44:50 Warning: Warning (2): Invalid argument supplied for foreach() in [C:\xampp\htdocs\boutique\app\views\deseos\buscar.ctp, line 18]
2011-12-18 16:44:50 Warning: Warning (2): Invalid argument supplied for foreach() in [C:\xampp\htdocs\boutique\app\views\deseos\buscar.ctp, line 18]
2011-12-18 16:44:50 Warning: Warning (2): Invalid argument supplied for foreach() in [C:\xampp\htdocs\boutique\app\views\deseos\buscar.ctp, line 18]
2011-12-18 16:44:51 Warning: Warning (2): Invalid argument supplied for foreach() in [C:\xampp\htdocs\boutique\app\views\deseos\buscar.ctp, line 18]
2011-12-18 19:52:58 Warning: Warning (2): Invalid argument supplied for foreach() in [C:\xampp\htdocs\boutique\app\views\elements\menuUsuario.ctp, line 5]
2011-12-18 20:07:39 Warning: Warning (2): Invalid argument supplied for foreach() in [C:\xampp\htdocs\boutique\cake\libs\view\helpers\html.php, line 688]
2011-12-18 20:07:41 Warning: Warning (2): Invalid argument supplied for foreach() in [C:\xampp\htdocs\boutique\cake\libs\view\helpers\html.php, line 688]
2011-12-19 00:39:12 Warning: Warning (512): <span style="color:Red;text-align:left"><b>SQL Error:</b> 1054: Unknown column 'fields' in 'where clause'</span> in [C:\xampp\htdocs\boutique\cake\libs\model\datasources\dbo_source.php, line 684]
2011-12-19 00:40:03 Warning: Warning (512): <span style="color:Red;text-align:left"><b>SQL Error:</b> 1054: Unknown column 'fields' in 'where clause'</span> in [C:\xampp\htdocs\boutique\cake\libs\model\datasources\dbo_source.php, line 684]
2011-12-19 00:40:06 Warning: Warning (512): <span style="color:Red;text-align:left"><b>SQL Error:</b> 1054: Unknown column 'fields' in 'where clause'</span> in [C:\xampp\htdocs\boutique\cake\libs\model\datasources\dbo_source.php, line 684]
2011-12-19 00:41:38 Warning: Warning (512): <span style="color:Red;text-align:left"><b>SQL Error:</b> 1054: Unknown column 'fields' in 'where clause'</span> in [C:\xampp\htdocs\boutique\cake\libs\model\datasources\dbo_source.php, line 684]
2011-12-19 00:42:51 Warning: Warning (512): <span style="color:Red;text-align:left"><b>SQL Error:</b> 1054: Unknown column 'fields' in 'where clause'</span> in [C:\xampp\htdocs\boutique\cake\libs\model\datasources\dbo_source.php, line 684]
2011-12-19 00:43:24 Warning: Warning (512): <span style="color:Red;text-align:left"><b>SQL Error:</b> 1064: You have an error in your SQL syntax; check the manual that corresponds to your MySQL server version for the right syntax to use near 'order = ('asc')' at line 1</span> in [C:\xampp\htdocs\boutique\cake\libs\model\datasources\dbo_source.php, line 684]
2011-12-19 00:43:24 Warning: Warning (512): <span style="color:Red;text-align:left"><b>SQL Error:</b> 1064: You have an error in your SQL syntax; check the manual that corresponds to your MySQL server version for the right syntax to use near 'order = ('asc')   ORDER BY `Usuario`.`apellido` asc  LIMIT 4' at line 1</span> in [C:\xampp\htdocs\boutique\cake\libs\model\datasources\dbo_source.php, line 684]
2011-12-19 00:56:16 Warning: Warning (512): <span style="color:Red;text-align:left"><b>SQL Error:</b> 1064: You have an error in your SQL syntax; check the manual that corresponds to your MySQL server version for the right syntax to use near 'DISTINCT (`Usuario`.`apellido`) as apellido FROM `deseos` AS `Deseo` LEFT JOIN `' at line 1</span> in [C:\xampp\htdocs\boutique\cake\libs\model\datasources\dbo_source.php, line 684]
2011-12-19 00:57:16 Warning: Warning (512): <span style="color:Red;text-align:left"><b>SQL Error:</b> 1064: You have an error in your SQL syntax; check the manual that corresponds to your MySQL server version for the right syntax to use near '.id FROM `deseos` AS `Deseo` LEFT JOIN `usuarios` AS `Usuario` ON (`Deseo`.`usua' at line 1</span> in [C:\xampp\htdocs\boutique\cake\libs\model\datasources\dbo_source.php, line 684]
2011-12-19 00:59:02 Warning: Warning (512): <span style="color:Red;text-align:left"><b>SQL Error:</b> 1064: You have an error in your SQL syntax; check the manual that corresponds to your MySQL server version for the right syntax to use near 'DISTINCT (`Usuario`.`apellido`) as apellido FROM `deseos` AS `Deseo` LEFT JOIN `' at line 1</span> in [C:\xampp\htdocs\boutique\cake\libs\model\datasources\dbo_source.php, line 684]
2011-12-19 00:59:32 Warning: Warning (512): <span style="color:Red;text-align:left"><b>SQL Error:</b> 1241: Operand should contain 1 column(s)</span> in [C:\xampp\htdocs\boutique\cake\libs\model\datasources\dbo_source.php, line 684]
2011-12-19 00:59:34 Warning: Warning (512): <span style="color:Red;text-align:left"><b>SQL Error:</b> 1241: Operand should contain 1 column(s)</span> in [C:\xampp\htdocs\boutique\cake\libs\model\datasources\dbo_source.php, line 684]
2011-12-19 00:59:35 Warning: Warning (512): <span style="color:Red;text-align:left"><b>SQL Error:</b> 1241: Operand should contain 1 column(s)</span> in [C:\xampp\htdocs\boutique\cake\libs\model\datasources\dbo_source.php, line 684]
2011-12-19 01:10:30 Warning: Warning (2): Invalid argument supplied for foreach() in [C:\xampp\htdocs\boutique\app\views\elements\menuUsuario.ctp, line 5]
2011-12-19 01:10:30 Warning: Warning (2): Invalid argument supplied for foreach() in [C:\xampp\htdocs\boutique\app\views\home\ubicacion.ctp, line 8]
2011-12-19 01:10:30 Warning: Warning (2): Invalid argument supplied for foreach() in [C:\xampp\htdocs\boutique\app\views\home\ubicacion.ctp, line 31]
2011-12-19 01:10:55 Warning: Warning (2): Invalid argument supplied for foreach() in [C:\xampp\htdocs\boutique\app\views\elements\menuUsuario.ctp, line 5]
2011-12-19 01:10:55 Warning: Warning (2): Invalid argument supplied for foreach() in [C:\xampp\htdocs\boutique\app\views\home\acerca_de.ctp, line 8]
2011-12-19 01:10:55 Warning: Warning (2): Invalid argument supplied for foreach() in [C:\xampp\htdocs\boutique\app\views\home\acerca_de.ctp, line 31]
2011-12-19 01:11:29 Warning: Warning (2): Invalid argument supplied for foreach() in [C:\xampp\htdocs\boutique\app\views\elements\menuUsuario.ctp, line 5]
2011-12-19 01:11:29 Warning: Warning (2): Invalid argument supplied for foreach() in [C:\xampp\htdocs\boutique\app\views\home\PUF.ctp, line 8]
2011-12-19 01:11:29 Warning: Warning (2): Invalid argument supplied for foreach() in [C:\xampp\htdocs\boutique\app\views\home\PUF.ctp, line 31]
2011-12-19 01:41:48 Warning: Warning (2): Invalid argument supplied for foreach() in [C:\xampp\htdocs\boutique\app\views\elements\menuUsuario.ctp, line 5]
2011-12-19 01:41:48 Warning: Warning (2): Invalid argument supplied for foreach() in [C:\xampp\htdocs\boutique\app\views\home\ubicacion.ctp, line 8]
2011-12-19 01:41:48 Warning: Warning (2): Invalid argument supplied for foreach() in [C:\xampp\htdocs\boutique\app\views\home\ubicacion.ctp, line 31]
2011-12-19 01:41:49 Warning: Warning (2): Invalid argument supplied for foreach() in [C:\xampp\htdocs\boutique\app\views\elements\menuUsuario.ctp, line 5]
2011-12-19 01:41:49 Warning: Warning (2): Invalid argument supplied for foreach() in [C:\xampp\htdocs\boutique\app\views\home\acerca_de.ctp, line 8]
2011-12-19 01:41:49 Warning: Warning (2): Invalid argument supplied for foreach() in [C:\xampp\htdocs\boutique\app\views\home\acerca_de.ctp, line 31]
2011-12-19 16:51:27 Warning: Warning (2): Invalid argument supplied for foreach() in [C:\xampp\htdocs\boutique\app\views\elements\menuUsuario.ctp, line 5]
2011-12-19 16:51:27 Warning: Warning (2): Invalid argument supplied for foreach() in [C:\xampp\htdocs\boutique\app\views\home\acerca_de.ctp, line 8]
2011-12-19 16:51:27 Warning: Warning (2): Invalid argument supplied for foreach() in [C:\xampp\htdocs\boutique\app\views\home\acerca_de.ctp, line 31]
2011-12-19 19:54:46 Warning: Warning (2): Invalid argument supplied for foreach() in [C:\xampp\htdocs\boutique\app\controllers\usuarios_controller.php, line 106]
2011-12-20 16:22:56 Warning: Warning (2): date() expects parameter 2 to be long, string given in [C:\xampp\htdocs\boutique\app\views\usuarios\perfil.ctp, line 9]
2011-12-20 16:22:57 Warning: Warning (2): date() expects parameter 2 to be long, string given in [C:\xampp\htdocs\boutique\app\views\usuarios\perfil.ctp, line 9]
2011-12-20 16:22:58 Warning: Warning (2): date() expects parameter 2 to be long, string given in [C:\xampp\htdocs\boutique\app\views\usuarios\perfil.ctp, line 9]
2011-12-20 16:22:59 Warning: Warning (2): date() expects parameter 2 to be long, string given in [C:\xampp\htdocs\boutique\app\views\usuarios\perfil.ctp, line 9]
2011-12-20 16:35:10 Warning: Warning (2): date() expects parameter 2 to be long, string given in [C:\xampp\htdocs\boutique\app\views\usuarios\perfil.ctp, line 9]
2011-12-20 16:35:12 Warning: Warning (2): date() expects parameter 2 to be long, string given in [C:\xampp\htdocs\boutique\app\views\usuarios\perfil.ctp, line 9]
2011-12-20 16:35:12 Warning: Warning (2): date() expects parameter 2 to be long, string given in [C:\xampp\htdocs\boutique\app\views\usuarios\perfil.ctp, line 9]
2011-12-20 19:03:30 Warning: Warning (2): preg_match() [<a href='http://php.net/function.preg-match'>function.preg-match</a>]: Delimiter must not be alphanumeric or backslash in [C:\xampp\htdocs\boutique\cake\libs\model\model.php, line 2611]
2011-12-20 19:06:02 Warning: Warning (2): preg_match() [<a href='http://php.net/function.preg-match'>function.preg-match</a>]: Delimiter must not be alphanumeric or backslash in [C:\xampp\htdocs\boutique\cake\libs\model\model.php, line 2611]
2011-12-20 19:08:32 Warning: Warning (2): preg_match() [<a href='http://php.net/function.preg-match'>function.preg-match</a>]: Delimiter must not be alphanumeric or backslash in [C:\xampp\htdocs\boutique\cake\libs\model\model.php, line 2611]
2011-12-20 19:08:33 Warning: Warning (2): preg_match() [<a href='http://php.net/function.preg-match'>function.preg-match</a>]: Delimiter must not be alphanumeric or backslash in [C:\xampp\htdocs\boutique\cake\libs\model\model.php, line 2611]
2011-12-20 19:08:34 Warning: Warning (2): preg_match() [<a href='http://php.net/function.preg-match'>function.preg-match</a>]: Delimiter must not be alphanumeric or backslash in [C:\xampp\htdocs\boutique\cake\libs\model\model.php, line 2611]
2011-12-20 19:08:35 Warning: Warning (2): preg_match() [<a href='http://php.net/function.preg-match'>function.preg-match</a>]: Delimiter must not be alphanumeric or backslash in [C:\xampp\htdocs\boutique\cake\libs\model\model.php, line 2611]
2011-12-20 19:08:35 Warning: Warning (2): preg_match() [<a href='http://php.net/function.preg-match'>function.preg-match</a>]: Delimiter must not be alphanumeric or backslash in [C:\xampp\htdocs\boutique\cake\libs\model\model.php, line 2611]
2011-12-20 19:08:36 Warning: Warning (2): preg_match() [<a href='http://php.net/function.preg-match'>function.preg-match</a>]: Delimiter must not be alphanumeric or backslash in [C:\xampp\htdocs\boutique\cake\libs\model\model.php, line 2611]
2011-12-21 07:31:56 Warning: Warning (2): mysql_connect() [<a href='http://php.net/function.mysql-connect'>function.mysql-connect</a>]: Access denied for user 'root'@'localhost' (using password: NO) in [/home/a2381020/cake/libs/model/datasources/dbo/dbo_mysql.php, line 561]
2011-12-21 07:31:56 Warning: Warning (2): mysql_query(): supplied argument is not a valid MySQL-Link resource in [/home/a2381020/cake/libs/model/datasources/dbo/dbo_mysql.php, line 613]
2011-12-21 07:31:57 Warning: Warning (2): mysql_connect() [<a href='http://php.net/function.mysql-connect'>function.mysql-connect</a>]: Access denied for user 'root'@'localhost' (using password: NO) in [/home/a2381020/cake/libs/model/datasources/dbo/dbo_mysql.php, line 561]
2011-12-21 07:31:57 Warning: Warning (2): mysql_query(): supplied argument is not a valid MySQL-Link resource in [/home/a2381020/cake/libs/model/datasources/dbo/dbo_mysql.php, line 613]
2011-12-21 07:32:01 Warning: Warning (2): mysql_connect() [<a href='http://php.net/function.mysql-connect'>function.mysql-connect</a>]: Access denied for user 'root'@'localhost' (using password: NO) in [/home/a2381020/cake/libs/model/datasources/dbo/dbo_mysql.php, line 561]
2011-12-21 07:32:01 Warning: Warning (2): mysql_query(): supplied argument is not a valid MySQL-Link resource in [/home/a2381020/cake/libs/model/datasources/dbo/dbo_mysql.php, line 613]
